<?xml version="1.0" encoding="utf-8"?>
<testsuites>
  <testsuite name="pytest" tests="4" failures="1" errors="1" skipped="1">
    <testcase classname="tests.test_math" file="tests/test_math.py" name="tests/test_math.py::test_pass" time="0.001" />
    <testcase classname="tests.test_math" file="tests/test_math.py" name="tests/test_math.py::test_fail" time="0.001">
      <failure message="assert 1 == 2">AssertionError: assert 1 == 2</failure>
    </testcase>
    <testcase classname="tests.test_math" file="tests/test_math.py" name="tests/test_math.py::test_error" time="0.001">
      <error message="runtime error">RuntimeError: boom</error>
    </testcase>
    <testcase classname="tests.test_math" file="tests/test_math.py" name="tests/test_math.py::test_skip" time="0.001">
      <skipped message="conditional skip">skipped</skipped>
    </testcase>
  </testsuite>
</testsuites>
